


ARM Macro Assembler    Page 1 


    1 00000000         ;/******************************************************
                       ***********************/
    2 00000000         ;/* STM32F10x.s: Startup file for ST STM32F10x device se
                       ries                  */
    3 00000000         ;/******************************************************
                       ***********************/
    4 00000000         ;/* <<< Use Configuration Wizard in Context Menu >>>    
                                             */
    5 00000000         ;/******************************************************
                       ***********************/
    6 00000000         ;/* This file is part of the uVision/ARM development too
                       ls.                   */
    7 00000000         ;/* Copyright (c) 2005-2007 Keil Software. All rights re
                       served.               */
    8 00000000         ;/* This software may only be used under the terms of a 
                       valid, current,       */
    9 00000000         ;/* end user licence from KEIL for a compatible version 
                       of KEIL software      */
   10 00000000         ;/* development tools. Nothing else gives you the right 
                       to use this software. */
   11 00000000         ;/******************************************************
                       ***********************/
   12 00000000         
   13 00000000         
   14 00000000         ;// <h> Stack Configuration
   15 00000000         ;//   <o> Stack Size (in Bytes) <0x0-0xFFFFFFFF:8>
   16 00000000         ;// </h>
   17 00000000         
   18 00000000 00000200 
                       Stack_Size
                               EQU              0x00000200
   19 00000000         
   20 00000000                 AREA             STACK, NOINIT, READWRITE, ALIGN
=3
   21 00000000         Stack_Mem
                               SPACE            Stack_Size
   22 00000200         __initial_sp
   23 00000200         
   24 00000200         
   25 00000200         ;// <h> Heap Configuration
   26 00000200         ;//   <o>  Heap Size (in Bytes) <0x0-0xFFFFFFFF:8>
   27 00000200         ;// </h>
   28 00000200         
   29 00000200 00000000 
                       Heap_Size
                               EQU              0x00000000
   30 00000200         
   31 00000200                 AREA             HEAP, NOINIT, READWRITE, ALIGN=
3
   32 00000000         __heap_base
   33 00000000         Heap_Mem
                               SPACE            Heap_Size
   34 00000000         __heap_limit
   35 00000000         
   36 00000000         
   37 00000000                 PRESERVE8
   38 00000000                 THUMB
   39 00000000         
   40 00000000         



ARM Macro Assembler    Page 2 


   41 00000000         ; Vector Table Mapped to Address 0 at Reset
   42 00000000         
   43 00000000                 AREA             RESET, DATA, READONLY
   44 00000000                 EXPORT           __Vectors
   45 00000000                 IMPORT           ||Image$$ARM_LIB_STACK$$ZI$$Lim
it||
   46 00000000         
   47 00000000 00000000 
                       __Vectors
                               DCD              ||Image$$ARM_LIB_STACK$$ZI$$Lim
it|| 
                                                            ;  0, SP start valu
                                                            e.
   48 00000004 00000000        DCD              Reset_Handler ; Reset Handler
   49 00000008 00000000        DCD              NMI_Handler ; NMI Handler
   50 0000000C 00000000        DCD              HardFault_Handler ; Hard Fault 
                                                            Handler
   51 00000010 00000000        DCD              MemManage_Handler 
                                                            ; MPU Fault Handler
                                                            
   52 00000014 00000000        DCD              BusFault_Handler 
                                                            ; Bus Fault Handler
                                                            
   53 00000018 00000000        DCD              UsageFault_Handler ; Usage Faul
                                                            t Handler
   54 0000001C 00000000        DCD              0           ; Reserved
   55 00000020 00000000        DCD              0           ; Reserved
   56 00000024 00000000        DCD              0           ; Reserved
   57 00000028 00000000        DCD              0           ; Reserved
   58 0000002C 00000000        DCD              SVC_Handler ; SVCall Handler
   59 00000030 00000000        DCD              DebugMon_Handler ; Debug Monito
                                                            r Handler
   60 00000034 00000000        DCD              0           ; Reserved
   61 00000038 00000000        DCD              PendSV_Handler ; PendSV Handler
                                                            
   62 0000003C 00000000        DCD              SysTick_Handler 
                                                            ; SysTick Handler
   63 00000040         
   64 00000040         ; External Interrupts
   65 00000040 00000000        DCD              WWDG_IRQHandler 
                                                            ; Window Watchdog
   66 00000044 00000000        DCD              PVD_IRQHandler ; PVD through EX
                                                            TI Line detect
   67 00000048 00000000        DCD              TAMPER_IRQHandler ; Tamper
   68 0000004C 00000000        DCD              RTC_IRQHandler ; RTC
   69 00000050 00000000        DCD              FLASH_IRQHandler ; Flash
   70 00000054 00000000        DCD              RCC_IRQHandler ; RCC
   71 00000058 00000000        DCD              EXTI0_IRQHandler ; EXTI Line 0
   72 0000005C 00000000        DCD              EXTI1_IRQHandler ; EXTI Line 1
   73 00000060 00000000        DCD              EXTI2_IRQHandler ; EXTI Line 2
   74 00000064 00000000        DCD              EXTI3_IRQHandler ; EXTI Line 3
   75 00000068 00000000        DCD              EXTI4_IRQHandler ; EXTI Line 4
   76 0000006C 00000000        DCD              DMA1_Channel1_IRQHandler 
                                                            ; DMA1 Channel 1
   77 00000070 00000000        DCD              DMA1_Channel2_IRQHandler 
                                                            ; DMA1 Channel 2
   78 00000074 00000000        DCD              DMA1_Channel3_IRQHandler 
                                                            ; DMA1 Channel 3
   79 00000078 00000000        DCD              DMA1_Channel4_IRQHandler 



ARM Macro Assembler    Page 3 


                                                            ; DMA1 Channel 4
   80 0000007C 00000000        DCD              DMA1_Channel5_IRQHandler 
                                                            ; DMA1 Channel 5
   81 00000080 00000000        DCD              DMA1_Channel6_IRQHandler 
                                                            ; DMA1 Channel 6
   82 00000084 00000000        DCD              DMA1_Channel7_IRQHandler 
                                                            ; DMA1 Channel 7
   83 00000088 00000000        DCD              ADC1_2_IRQHandler ; ADC&ADC2
   84 0000008C 00000000        DCD              CAN1_TX_IRQHandler ; CAN TX
   85 00000090 00000000        DCD              CAN1_RX0_IRQHandler ; CAN RX0
   86 00000094 00000000        DCD              CAN1_RX1_IRQHandler ; CAN RX1
   87 00000098 00000000        DCD              CAN1_SCE_IRQHandler ; CAN SCE
   88 0000009C 00000000        DCD              EXTI9_5_IRQHandler 
                                                            ; EXTI Line 9..5
   89 000000A0 00000000        DCD              TIM1_BRK_IRQHandler 
                                                            ; TIM1 Break
   90 000000A4 00000000        DCD              TIM1_UP_IRQHandler 
                                                            ; TIM1 Update
   91 000000A8 00000000        DCD              TIM1_TRG_COM_IRQHandler ; TIM1 
                                                            Trigger and Commuta
                                                            tion
   92 000000AC 00000000        DCD              TIM1_CC_IRQHandler ; TIM1 Captu
                                                            re Compare
   93 000000B0 00000000        DCD              TIM2_IRQHandler ; TIM2
   94 000000B4 00000000        DCD              TIM3_IRQHandler ; TIM3
   95 000000B8 00000000        DCD              TIM4_IRQHandler ; TIM4
   96 000000BC 00000000        DCD              I2C1_EV_IRQHandler ; I2C1 Event
                                                            
   97 000000C0 00000000        DCD              I2C1_ER_IRQHandler ; I2C1 Error
                                                            
   98 000000C4 00000000        DCD              I2C2_EV_IRQHandler ; I2C2 Event
                                                            
   99 000000C8 00000000        DCD              I2C2_ER_IRQHandler ; I2C2 Error
                                                            
  100 000000CC 00000000        DCD              SPI1_IRQHandler ; SPI1
  101 000000D0 00000000        DCD              SPI2_IRQHandler ; SPI2
  102 000000D4 00000000        DCD              USART1_IRQHandler ; USART1
  103 000000D8 00000000        DCD              USART2_IRQHandler ; USART2
  104 000000DC 00000000        DCD              USART3_IRQHandler ; USART3
  105 000000E0 00000000        DCD              EXTI15_10_IRQHandler 
                                                            ; EXTI Line 15..10
  106 000000E4 00000000        DCD              RTCAlarm_IRQHandler ; RTC Alarm
                                                             through EXTI Line
  107 000000E8 00000000        DCD              OTG_FS_WKUP_IRQHandler ; USB On
                                                            -The-Go FS Wakeup t
                                                            hrough EXTI line in
                                                            terrupt
  108 000000EC 00000000        DCD              TIM8_BRK_IRQHandler
  109 000000F0 00000000        DCD              TIM8_UP_IRQHandler
  110 000000F4 00000000        DCD              TIM8_TRG_COM_IRQHandler
  111 000000F8 00000000        DCD              TIM8_CC_IRQHandler
  112 000000FC 00000000        DCD              ADC3_IRQHandler
  113 00000100 00000000        DCD              FSMC_IRQHandler
  114 00000104 00000000        DCD              SDIO_IRQHandler
  115 00000108 00000000        DCD              TIM5_IRQHandler ;TIM5
  116 0000010C 00000000        DCD              SPI3_IRQHandler ;SPI3
  117 00000110 00000000        DCD              USART4_IRQHandler ;USART4
  118 00000114 00000000        DCD              USART5_IRQHandler ;USART5
  119 00000118 00000000        DCD              TIM6_IRQHandler ;TIM6



ARM Macro Assembler    Page 4 


  120 0000011C 00000000        DCD              TIM7_IRQHandler ;TIM7
  121 00000120 00000000        DCD              DMA2_Channel1_IRQHandler 
                                                            ; DMA2 Channel 1
  122 00000124 00000000        DCD              DMA2_Channel2_IRQHandler 
                                                            ; DMA2 Channel 2
  123 00000128 00000000        DCD              DMA2_Channel3_IRQHandler 
                                                            ; DMA2 Channel 3
  124 0000012C 00000000        DCD              DMA2_Channel4_IRQHandler 
                                                            ; DMA2 Channel 4
  125 00000130 00000000        DCD              DMA2_Channel5_IRQHandler 
                                                            ; DMA2 Channel 5
  126 00000134 00000000        DCD              ETH_IRQHandler ; Ethernet globa
                                                            l interrupt
  127 00000138 00000000        DCD              ETH_WKUP_IRQHandler ;Ethernet W
                                                            akeup through EXTI 
                                                            line interrupt
  128 0000013C 00000000        DCD              CAN2_TX_IRQHandler ;CAN2 TX
  129 00000140 00000000        DCD              CAN2_RX0_IRQHandler ;CAN2 RX0
  130 00000144 00000000        DCD              CAN2_RX1_IRQHandler ;CAN2 RX1
  131 00000148 00000000        DCD              CAN2_CSE_IRQHandler ;CAN2 CSE
  132 0000014C 00000000        DCD              OTG_FS_IRQHandler ;USB OTG FS g
                                                            lobal interrupt
  133 00000150         
  134 00000150                 AREA             |.text|, CODE, READONLY
  135 00000000         
  136 00000000         
  137 00000000         ; Reset Handler
  138 00000000         
  139 00000000         Reset_Handler
                               PROC
  140 00000000         ;EXPORT  Reset_Handler             [WEAK]
  141 00000000                 IMPORT           __main
  142 00000000         
  143 00000000 B672            CPSID            I
  144 00000002 F04F 0000       MOV              R0,#0
  145 00000006 4809            LDR              R0, =__main
  146 00000008 4700            BX               R0
  147 0000000A                 ENDP
  148 0000000A         
  149 0000000A         
  150 0000000A         ; Dummy Exception Handlers (infinite loops which can be 
                       modified)                
  151 0000000A         
  152 0000000A         NMI_Handler
                               PROC
  153 0000000A                 EXPORT           NMI_Handler               [WEAK
]
  154 0000000A E7FE            B                .
  155 0000000C                 ENDP
  157 0000000C         HardFault_Handler
                               PROC
  158 0000000C                 EXPORT           HardFault_Handler         [WEAK
]
  159 0000000C E7FE            B                .
  160 0000000E                 ENDP
  162 0000000E         MemManage_Handler
                               PROC
  163 0000000E                 EXPORT           MemManage_Handler         [WEAK
]



ARM Macro Assembler    Page 5 


  164 0000000E E7FE            B                .
  165 00000010                 ENDP
  167 00000010         BusFault_Handler
                               PROC
  168 00000010                 EXPORT           BusFault_Handler          [WEAK
]
  169 00000010 E7FE            B                .
  170 00000012                 ENDP
  172 00000012         UsageFault_Handler
                               PROC
  173 00000012                 EXPORT           UsageFault_Handler        [WEAK
]
  174 00000012 E7FE            B                .
  175 00000014                 ENDP
  176 00000014         SVC_Handler
                               PROC
  177 00000014                 EXPORT           SVC_Handler               [WEAK
]
  178 00000014 E7FE            B                .
  179 00000016                 ENDP
  181 00000016         DebugMon_Handler
                               PROC
  182 00000016                 EXPORT           DebugMon_Handler          [WEAK
]
  183 00000016 E7FE            B                .
  184 00000018                 ENDP
  185 00000018         PendSV_Handler
                               PROC
  186 00000018                 EXPORT           PendSV_Handler            [WEAK
]
  187 00000018 E7FE            B                .
  188 0000001A                 ENDP
  189 0000001A         SysTick_Handler
                               PROC
  190 0000001A                 EXPORT           SysTick_Handler           [WEAK
]
  191 0000001A E7FE            B                .
  192 0000001C                 ENDP
  193 0000001C         
  194 0000001C         Default_Handler
                               PROC
  195 0000001C         
  196 0000001C                 EXPORT           WWDG_IRQHandler           [WEAK
]
  197 0000001C                 EXPORT           PVD_IRQHandler            [WEAK
]
  198 0000001C                 EXPORT           TAMPER_IRQHandler         [WEAK
]
  199 0000001C                 EXPORT           RTC_IRQHandler            [WEAK
]
  200 0000001C                 EXPORT           FLASH_IRQHandler          [WEAK
]
  201 0000001C                 EXPORT           RCC_IRQHandler            [WEAK
]
  202 0000001C                 EXPORT           EXTI0_IRQHandler          [WEAK
]
  203 0000001C                 EXPORT           EXTI1_IRQHandler          [WEAK
]
  204 0000001C                 EXPORT           EXTI2_IRQHandler          [WEAK



ARM Macro Assembler    Page 6 


]
  205 0000001C                 EXPORT           EXTI3_IRQHandler          [WEAK
]
  206 0000001C                 EXPORT           EXTI4_IRQHandler          [WEAK
]
  207 0000001C                 EXPORT           DMA1_Channel1_IRQHandler    [WE
AK]
  208 0000001C                 EXPORT           DMA1_Channel2_IRQHandler    [WE
AK]
  209 0000001C                 EXPORT           DMA1_Channel3_IRQHandler    [WE
AK]
  210 0000001C                 EXPORT           DMA1_Channel4_IRQHandler    [WE
AK]
  211 0000001C                 EXPORT           DMA1_Channel5_IRQHandler    [WE
AK]
  212 0000001C                 EXPORT           DMA1_Channel6_IRQHandler    [WE
AK]
  213 0000001C                 EXPORT           DMA1_Channel7_IRQHandler    [WE
AK]
  214 0000001C                 EXPORT           ADC1_2_IRQHandler            [W
EAK]
  215 0000001C                 EXPORT           CAN1_TX_IRQHandler  [WEAK]
  216 0000001C                 EXPORT           CAN1_RX0_IRQHandler [WEAK]
  217 0000001C                 EXPORT           CAN1_RX1_IRQHandler        [WEA
K]
  218 0000001C                 EXPORT           CAN1_SCE_IRQHandler        [WEA
K]
  219 0000001C                 EXPORT           EXTI9_5_IRQHandler        [WEAK
]
  220 0000001C                 EXPORT           TIM1_BRK_IRQHandler       [WEAK
]
  221 0000001C                 EXPORT           TIM1_UP_IRQHandler        [WEAK
]
  222 0000001C                 EXPORT           TIM1_TRG_COM_IRQHandler   [WEAK
]
  223 0000001C                 EXPORT           TIM1_CC_IRQHandler        [WEAK
]
  224 0000001C                 EXPORT           TIM2_IRQHandler           [WEAK
]
  225 0000001C                 EXPORT           TIM3_IRQHandler           [WEAK
]
  226 0000001C                 EXPORT           TIM4_IRQHandler           [WEAK
]
  227 0000001C                 EXPORT           I2C1_EV_IRQHandler        [WEAK
]
  228 0000001C                 EXPORT           I2C1_ER_IRQHandler        [WEAK
]
  229 0000001C                 EXPORT           I2C2_EV_IRQHandler        [WEAK
]
  230 0000001C                 EXPORT           I2C2_ER_IRQHandler        [WEAK
]
  231 0000001C                 EXPORT           SPI1_IRQHandler           [WEAK
]
  232 0000001C                 EXPORT           SPI2_IRQHandler           [WEAK
]
  233 0000001C                 EXPORT           USART1_IRQHandler         [WEAK
]
  234 0000001C                 EXPORT           USART2_IRQHandler         [WEAK
]



ARM Macro Assembler    Page 7 


  235 0000001C                 EXPORT           USART3_IRQHandler         [WEAK
]
  236 0000001C                 EXPORT           EXTI15_10_IRQHandler      [WEAK
]
  237 0000001C                 EXPORT           RTCAlarm_IRQHandler       [WEAK
]
  238 0000001C                 EXPORT           OTG_FS_WKUP_IRQHandler    [WEAK
]
  239 0000001C                 EXPORT           TIM8_BRK_IRQHandler       [WEAK
]
  240 0000001C                 EXPORT           TIM8_UP_IRQHandler        [WEAK
]
  241 0000001C                 EXPORT           TIM8_TRG_COM_IRQHandler   [WEAK
]
  242 0000001C                 EXPORT           TIM8_CC_IRQHandler        [WEAK
]
  243 0000001C                 EXPORT           ADC3_IRQHandler           [WEAK
]
  244 0000001C                 EXPORT           FSMC_IRQHandler           [WEAK
]
  245 0000001C                 EXPORT           SDIO_IRQHandler           [WEAK
]
  246 0000001C         
  247 0000001C         
  248 0000001C                 EXPORT           TIM5_IRQHandler      [WEAK]
  249 0000001C                 EXPORT           SPI3_IRQHandler      [WEAK]
  250 0000001C                 EXPORT           USART4_IRQHandler     [WEAK]
  251 0000001C                 EXPORT           USART5_IRQHandler     [WEAK]
  252 0000001C                 EXPORT           TIM6_IRQHandler      [WEAK]
  253 0000001C                 EXPORT           TIM7_IRQHandler      [WEAK]
  254 0000001C                 EXPORT           DMA2_Channel1_IRQHandler       
[WEAK]
  255 0000001C                 EXPORT           DMA2_Channel2_IRQHandler       
[WEAK]
  256 0000001C                 EXPORT           DMA2_Channel3_IRQHandler       
[WEAK]
  257 0000001C                 EXPORT           DMA2_Channel4_IRQHandler       
[WEAK]
  258 0000001C                 EXPORT           DMA2_Channel5_IRQHandler       
[WEAK]
  259 0000001C                 EXPORT           ETH_IRQHandler          [WEAK]
  260 0000001C                 EXPORT           ETH_WKUP_IRQHandler    [WEAK]
  261 0000001C                 EXPORT           CAN2_TX_IRQHandler     [WEAK]
  262 0000001C                 EXPORT           CAN2_RX0_IRQHandler    [WEAK]
  263 0000001C                 EXPORT           CAN2_RX1_IRQHandler    [WEAK]
  264 0000001C                 EXPORT           CAN2_CSE_IRQHandler    [WEAK]
  265 0000001C                 EXPORT           OTG_FS_IRQHandler     [WEAK]
  266 0000001C         
  267 0000001C         WWDG_IRQHandler
  268 0000001C         PVD_IRQHandler
  269 0000001C         TAMPER_IRQHandler
  270 0000001C         RTC_IRQHandler
  271 0000001C         FLASH_IRQHandler
  272 0000001C         RCC_IRQHandler
  273 0000001C         EXTI0_IRQHandler
  274 0000001C         EXTI1_IRQHandler
  275 0000001C         EXTI2_IRQHandler
  276 0000001C         EXTI3_IRQHandler
  277 0000001C         EXTI4_IRQHandler



ARM Macro Assembler    Page 8 


  278 0000001C         DMA1_Channel1_IRQHandler
  279 0000001C         DMA1_Channel2_IRQHandler
  280 0000001C         DMA1_Channel3_IRQHandler
  281 0000001C         DMA1_Channel4_IRQHandler
  282 0000001C         DMA1_Channel5_IRQHandler
  283 0000001C         DMA1_Channel6_IRQHandler
  284 0000001C         DMA1_Channel7_IRQHandler
  285 0000001C         ADC1_2_IRQHandler
  286 0000001C         CAN1_TX_IRQHandler
  287 0000001C         CAN1_RX0_IRQHandler
  288 0000001C         CAN1_RX1_IRQHandler
  289 0000001C         CAN1_SCE_IRQHandler
  290 0000001C         EXTI9_5_IRQHandler
  291 0000001C         TIM1_BRK_IRQHandler
  292 0000001C         TIM1_UP_IRQHandler
  293 0000001C         TIM1_TRG_COM_IRQHandler
  294 0000001C         TIM1_CC_IRQHandler
  295 0000001C         TIM2_IRQHandler
  296 0000001C         TIM3_IRQHandler
  297 0000001C         TIM4_IRQHandler
  298 0000001C         I2C1_EV_IRQHandler
  299 0000001C         I2C1_ER_IRQHandler
  300 0000001C         I2C2_EV_IRQHandler
  301 0000001C         I2C2_ER_IRQHandler
  302 0000001C         SPI1_IRQHandler
  303 0000001C         SPI2_IRQHandler
  304 0000001C         USART1_IRQHandler
  305 0000001C         USART2_IRQHandler
  306 0000001C         USART3_IRQHandler
  307 0000001C         EXTI15_10_IRQHandler
  308 0000001C         RTCAlarm_IRQHandler
  309 0000001C         OTG_FS_WKUP_IRQHandler
  310 0000001C         TIM8_BRK_IRQHandler
  311 0000001C         TIM8_UP_IRQHandler
  312 0000001C         TIM8_TRG_COM_IRQHandler
  313 0000001C         TIM8_CC_IRQHandler
  314 0000001C         ADC3_IRQHandler
  315 0000001C         FSMC_IRQHandler
  316 0000001C         SDIO_IRQHandler
  317 0000001C         TIM5_IRQHandler
  318 0000001C         SPI3_IRQHandler
  319 0000001C         USART4_IRQHandler
  320 0000001C         USART5_IRQHandler
  321 0000001C         TIM6_IRQHandler
  322 0000001C         TIM7_IRQHandler
  323 0000001C         DMA2_Channel1_IRQHandler
  324 0000001C         DMA2_Channel2_IRQHandler
  325 0000001C         DMA2_Channel3_IRQHandler
  326 0000001C         DMA2_Channel4_IRQHandler
  327 0000001C         DMA2_Channel5_IRQHandler
  328 0000001C         ETH_IRQHandler
  329 0000001C         ETH_WKUP_IRQHandler
  330 0000001C         CAN2_TX_IRQHandler
  331 0000001C         CAN2_RX0_IRQHandler
  332 0000001C         CAN2_RX1_IRQHandler
  333 0000001C         CAN2_CSE_IRQHandler
  334 0000001C         OTG_FS_IRQHandler
  335 0000001C E7FE            B                .
  336 0000001E         



ARM Macro Assembler    Page 9 


  337 0000001E                 ENDP
  338 0000001E         
  339 0000001E         
  340 0000001E 00 00           ALIGN
  341 00000020         
  342 00000020         
  343 00000020         ; User Initial Stack & Heap
  344 00000020         
  345 00000020                 IF               :DEF:__MICROLIB
  352 00000020         
  353 00000020                 IMPORT           __use_two_region_memory
  354 00000020                 EXPORT           __user_initial_stackheap
  355 00000020         __user_initial_stackheap
  356 00000020         
  357 00000020 4803            LDR              R0, =  Heap_Mem
  358 00000022 4904            LDR              R1, =(Stack_Mem + Stack_Size)
  359 00000024 4A02            LDR              R2, = (Heap_Mem +  Heap_Size)
  360 00000026 4B04            LDR              R3, = Stack_Mem
  361 00000028 4770            BX               LR
  362 0000002A         
  363 0000002A 00 00           ALIGN
  364 0000002C         
  365 0000002C                 ENDIF
  366 0000002C         
  367 0000002C         
  368 0000002C                 END
              00000000 
              00000000 
              00000200 
              00000000 
Command Line: --debug --xref --diag_suppress=9931 --cpu=Cortex-M3 --apcs=interw
ork --depend=..\output\stm32f10x_cl.d -o..\output\stm32f10x_cl.o -I.\RTE\_Targe
t_1 -IC:\Users\admin\AppData\Local\Arm\Packs\ARM\CMSIS\5.9.0\CMSIS\Core\Include
 -IC:\Users\admin\AppData\Local\Arm\Packs\Keil\STM32F1xx_DFP\2.4.1\Device\Inclu
de --predefine="__UVISION_VERSION SETA 538" --predefine="_RTE_ SETA 1" --predef
ine="STM32F10X_MD SETA 1" --predefine="_RTE_ SETA 1" --list=.\stm32f10x_cl.lst 
..\source\BSP\stm32f10x_cl.s



ARM Macro Assembler    Page 1 Alphabetic symbol ordering
Relocatable symbols

STACK 00000000

Symbol: STACK
   Definitions
      At line 20 in file ..\source\BSP\stm32f10x_cl.s
   Uses
      None
Comment: STACK unused
Stack_Mem 00000000

Symbol: Stack_Mem
   Definitions
      At line 21 in file ..\source\BSP\stm32f10x_cl.s
   Uses
      At line 358 in file ..\source\BSP\stm32f10x_cl.s
      At line 360 in file ..\source\BSP\stm32f10x_cl.s

__initial_sp 00000200

Symbol: __initial_sp
   Definitions
      At line 22 in file ..\source\BSP\stm32f10x_cl.s
   Uses
      None
Comment: __initial_sp unused
3 symbols



ARM Macro Assembler    Page 1 Alphabetic symbol ordering
Relocatable symbols

HEAP 00000000

Symbol: HEAP
   Definitions
      At line 31 in file ..\source\BSP\stm32f10x_cl.s
   Uses
      None
Comment: HEAP unused
Heap_Mem 00000000

Symbol: Heap_Mem
   Definitions
      At line 33 in file ..\source\BSP\stm32f10x_cl.s
   Uses
      At line 357 in file ..\source\BSP\stm32f10x_cl.s
      At line 359 in file ..\source\BSP\stm32f10x_cl.s

__heap_base 00000000

Symbol: __heap_base
   Definitions
      At line 32 in file ..\source\BSP\stm32f10x_cl.s
   Uses
      None
Comment: __heap_base unused
__heap_limit 00000000

Symbol: __heap_limit
   Definitions
      At line 34 in file ..\source\BSP\stm32f10x_cl.s
   Uses
      None
Comment: __heap_limit unused
4 symbols



ARM Macro Assembler    Page 1 Alphabetic symbol ordering
Relocatable symbols

RESET 00000000

Symbol: RESET
   Definitions
      At line 43 in file ..\source\BSP\stm32f10x_cl.s
   Uses
      None
Comment: RESET unused
__Vectors 00000000

Symbol: __Vectors
   Definitions
      At line 47 in file ..\source\BSP\stm32f10x_cl.s
   Uses
      At line 44 in file ..\source\BSP\stm32f10x_cl.s
Comment: __Vectors used once
2 symbols



ARM Macro Assembler    Page 1 Alphabetic symbol ordering
Relocatable symbols

.text 00000000

Symbol: .text
   Definitions
      At line 134 in file ..\source\BSP\stm32f10x_cl.s
   Uses
      None
Comment: .text unused
ADC1_2_IRQHandler 0000001C

Symbol: ADC1_2_IRQHandler
   Definitions
      At line 285 in file ..\source\BSP\stm32f10x_cl.s
   Uses
      At line 83 in file ..\source\BSP\stm32f10x_cl.s
      At line 214 in file ..\source\BSP\stm32f10x_cl.s

ADC3_IRQHandler 0000001C

Symbol: ADC3_IRQHandler
   Definitions
      At line 314 in file ..\source\BSP\stm32f10x_cl.s
   Uses
      At line 112 in file ..\source\BSP\stm32f10x_cl.s
      At line 243 in file ..\source\BSP\stm32f10x_cl.s

BusFault_Handler 00000010

Symbol: BusFault_Handler
   Definitions
      At line 167 in file ..\source\BSP\stm32f10x_cl.s
   Uses
      At line 52 in file ..\source\BSP\stm32f10x_cl.s
      At line 168 in file ..\source\BSP\stm32f10x_cl.s

CAN1_RX0_IRQHandler 0000001C

Symbol: CAN1_RX0_IRQHandler
   Definitions
      At line 287 in file ..\source\BSP\stm32f10x_cl.s
   Uses
      At line 85 in file ..\source\BSP\stm32f10x_cl.s
      At line 216 in file ..\source\BSP\stm32f10x_cl.s

CAN1_RX1_IRQHandler 0000001C

Symbol: CAN1_RX1_IRQHandler
   Definitions
      At line 288 in file ..\source\BSP\stm32f10x_cl.s
   Uses
      At line 86 in file ..\source\BSP\stm32f10x_cl.s
      At line 217 in file ..\source\BSP\stm32f10x_cl.s

CAN1_SCE_IRQHandler 0000001C

Symbol: CAN1_SCE_IRQHandler
   Definitions
      At line 289 in file ..\source\BSP\stm32f10x_cl.s
   Uses



ARM Macro Assembler    Page 2 Alphabetic symbol ordering
Relocatable symbols

      At line 87 in file ..\source\BSP\stm32f10x_cl.s
      At line 218 in file ..\source\BSP\stm32f10x_cl.s

CAN1_TX_IRQHandler 0000001C

Symbol: CAN1_TX_IRQHandler
   Definitions
      At line 286 in file ..\source\BSP\stm32f10x_cl.s
   Uses
      At line 84 in file ..\source\BSP\stm32f10x_cl.s
      At line 215 in file ..\source\BSP\stm32f10x_cl.s

CAN2_CSE_IRQHandler 0000001C

Symbol: CAN2_CSE_IRQHandler
   Definitions
      At line 333 in file ..\source\BSP\stm32f10x_cl.s
   Uses
      At line 131 in file ..\source\BSP\stm32f10x_cl.s
      At line 264 in file ..\source\BSP\stm32f10x_cl.s

CAN2_RX0_IRQHandler 0000001C

Symbol: CAN2_RX0_IRQHandler
   Definitions
      At line 331 in file ..\source\BSP\stm32f10x_cl.s
   Uses
      At line 129 in file ..\source\BSP\stm32f10x_cl.s
      At line 262 in file ..\source\BSP\stm32f10x_cl.s

CAN2_RX1_IRQHandler 0000001C

Symbol: CAN2_RX1_IRQHandler
   Definitions
      At line 332 in file ..\source\BSP\stm32f10x_cl.s
   Uses
      At line 130 in file ..\source\BSP\stm32f10x_cl.s
      At line 263 in file ..\source\BSP\stm32f10x_cl.s

CAN2_TX_IRQHandler 0000001C

Symbol: CAN2_TX_IRQHandler
   Definitions
      At line 330 in file ..\source\BSP\stm32f10x_cl.s
   Uses
      At line 128 in file ..\source\BSP\stm32f10x_cl.s
      At line 261 in file ..\source\BSP\stm32f10x_cl.s

DMA1_Channel1_IRQHandler 0000001C

Symbol: DMA1_Channel1_IRQHandler
   Definitions
      At line 278 in file ..\source\BSP\stm32f10x_cl.s
   Uses
      At line 76 in file ..\source\BSP\stm32f10x_cl.s
      At line 207 in file ..\source\BSP\stm32f10x_cl.s

DMA1_Channel2_IRQHandler 0000001C




ARM Macro Assembler    Page 3 Alphabetic symbol ordering
Relocatable symbols

Symbol: DMA1_Channel2_IRQHandler
   Definitions
      At line 279 in file ..\source\BSP\stm32f10x_cl.s
   Uses
      At line 77 in file ..\source\BSP\stm32f10x_cl.s
      At line 208 in file ..\source\BSP\stm32f10x_cl.s

DMA1_Channel3_IRQHandler 0000001C

Symbol: DMA1_Channel3_IRQHandler
   Definitions
      At line 280 in file ..\source\BSP\stm32f10x_cl.s
   Uses
      At line 78 in file ..\source\BSP\stm32f10x_cl.s
      At line 209 in file ..\source\BSP\stm32f10x_cl.s

DMA1_Channel4_IRQHandler 0000001C

Symbol: DMA1_Channel4_IRQHandler
   Definitions
      At line 281 in file ..\source\BSP\stm32f10x_cl.s
   Uses
      At line 79 in file ..\source\BSP\stm32f10x_cl.s
      At line 210 in file ..\source\BSP\stm32f10x_cl.s

DMA1_Channel5_IRQHandler 0000001C

Symbol: DMA1_Channel5_IRQHandler
   Definitions
      At line 282 in file ..\source\BSP\stm32f10x_cl.s
   Uses
      At line 80 in file ..\source\BSP\stm32f10x_cl.s
      At line 211 in file ..\source\BSP\stm32f10x_cl.s

DMA1_Channel6_IRQHandler 0000001C

Symbol: DMA1_Channel6_IRQHandler
   Definitions
      At line 283 in file ..\source\BSP\stm32f10x_cl.s
   Uses
      At line 81 in file ..\source\BSP\stm32f10x_cl.s
      At line 212 in file ..\source\BSP\stm32f10x_cl.s

DMA1_Channel7_IRQHandler 0000001C

Symbol: DMA1_Channel7_IRQHandler
   Definitions
      At line 284 in file ..\source\BSP\stm32f10x_cl.s
   Uses
      At line 82 in file ..\source\BSP\stm32f10x_cl.s
      At line 213 in file ..\source\BSP\stm32f10x_cl.s

DMA2_Channel1_IRQHandler 0000001C

Symbol: DMA2_Channel1_IRQHandler
   Definitions
      At line 323 in file ..\source\BSP\stm32f10x_cl.s
   Uses
      At line 121 in file ..\source\BSP\stm32f10x_cl.s



ARM Macro Assembler    Page 4 Alphabetic symbol ordering
Relocatable symbols

      At line 254 in file ..\source\BSP\stm32f10x_cl.s

DMA2_Channel2_IRQHandler 0000001C

Symbol: DMA2_Channel2_IRQHandler
   Definitions
      At line 324 in file ..\source\BSP\stm32f10x_cl.s
   Uses
      At line 122 in file ..\source\BSP\stm32f10x_cl.s
      At line 255 in file ..\source\BSP\stm32f10x_cl.s

DMA2_Channel3_IRQHandler 0000001C

Symbol: DMA2_Channel3_IRQHandler
   Definitions
      At line 325 in file ..\source\BSP\stm32f10x_cl.s
   Uses
      At line 123 in file ..\source\BSP\stm32f10x_cl.s
      At line 256 in file ..\source\BSP\stm32f10x_cl.s

DMA2_Channel4_IRQHandler 0000001C

Symbol: DMA2_Channel4_IRQHandler
   Definitions
      At line 326 in file ..\source\BSP\stm32f10x_cl.s
   Uses
      At line 124 in file ..\source\BSP\stm32f10x_cl.s
      At line 257 in file ..\source\BSP\stm32f10x_cl.s

DMA2_Channel5_IRQHandler 0000001C

Symbol: DMA2_Channel5_IRQHandler
   Definitions
      At line 327 in file ..\source\BSP\stm32f10x_cl.s
   Uses
      At line 125 in file ..\source\BSP\stm32f10x_cl.s
      At line 258 in file ..\source\BSP\stm32f10x_cl.s

DebugMon_Handler 00000016

Symbol: DebugMon_Handler
   Definitions
      At line 181 in file ..\source\BSP\stm32f10x_cl.s
   Uses
      At line 59 in file ..\source\BSP\stm32f10x_cl.s
      At line 182 in file ..\source\BSP\stm32f10x_cl.s

Default_Handler 0000001C

Symbol: Default_Handler
   Definitions
      At line 194 in file ..\source\BSP\stm32f10x_cl.s
   Uses
      None
Comment: Default_Handler unused
ETH_IRQHandler 0000001C

Symbol: ETH_IRQHandler
   Definitions



ARM Macro Assembler    Page 5 Alphabetic symbol ordering
Relocatable symbols

      At line 328 in file ..\source\BSP\stm32f10x_cl.s
   Uses
      At line 126 in file ..\source\BSP\stm32f10x_cl.s
      At line 259 in file ..\source\BSP\stm32f10x_cl.s

ETH_WKUP_IRQHandler 0000001C

Symbol: ETH_WKUP_IRQHandler
   Definitions
      At line 329 in file ..\source\BSP\stm32f10x_cl.s
   Uses
      At line 127 in file ..\source\BSP\stm32f10x_cl.s
      At line 260 in file ..\source\BSP\stm32f10x_cl.s

EXTI0_IRQHandler 0000001C

Symbol: EXTI0_IRQHandler
   Definitions
      At line 273 in file ..\source\BSP\stm32f10x_cl.s
   Uses
      At line 71 in file ..\source\BSP\stm32f10x_cl.s
      At line 202 in file ..\source\BSP\stm32f10x_cl.s

EXTI15_10_IRQHandler 0000001C

Symbol: EXTI15_10_IRQHandler
   Definitions
      At line 307 in file ..\source\BSP\stm32f10x_cl.s
   Uses
      At line 105 in file ..\source\BSP\stm32f10x_cl.s
      At line 236 in file ..\source\BSP\stm32f10x_cl.s

EXTI1_IRQHandler 0000001C

Symbol: EXTI1_IRQHandler
   Definitions
      At line 274 in file ..\source\BSP\stm32f10x_cl.s
   Uses
      At line 72 in file ..\source\BSP\stm32f10x_cl.s
      At line 203 in file ..\source\BSP\stm32f10x_cl.s

EXTI2_IRQHandler 0000001C

Symbol: EXTI2_IRQHandler
   Definitions
      At line 275 in file ..\source\BSP\stm32f10x_cl.s
   Uses
      At line 73 in file ..\source\BSP\stm32f10x_cl.s
      At line 204 in file ..\source\BSP\stm32f10x_cl.s

EXTI3_IRQHandler 0000001C

Symbol: EXTI3_IRQHandler
   Definitions
      At line 276 in file ..\source\BSP\stm32f10x_cl.s
   Uses
      At line 74 in file ..\source\BSP\stm32f10x_cl.s
      At line 205 in file ..\source\BSP\stm32f10x_cl.s




ARM Macro Assembler    Page 6 Alphabetic symbol ordering
Relocatable symbols

EXTI4_IRQHandler 0000001C

Symbol: EXTI4_IRQHandler
   Definitions
      At line 277 in file ..\source\BSP\stm32f10x_cl.s
   Uses
      At line 75 in file ..\source\BSP\stm32f10x_cl.s
      At line 206 in file ..\source\BSP\stm32f10x_cl.s

EXTI9_5_IRQHandler 0000001C

Symbol: EXTI9_5_IRQHandler
   Definitions
      At line 290 in file ..\source\BSP\stm32f10x_cl.s
   Uses
      At line 88 in file ..\source\BSP\stm32f10x_cl.s
      At line 219 in file ..\source\BSP\stm32f10x_cl.s

FLASH_IRQHandler 0000001C

Symbol: FLASH_IRQHandler
   Definitions
      At line 271 in file ..\source\BSP\stm32f10x_cl.s
   Uses
      At line 69 in file ..\source\BSP\stm32f10x_cl.s
      At line 200 in file ..\source\BSP\stm32f10x_cl.s

FSMC_IRQHandler 0000001C

Symbol: FSMC_IRQHandler
   Definitions
      At line 315 in file ..\source\BSP\stm32f10x_cl.s
   Uses
      At line 113 in file ..\source\BSP\stm32f10x_cl.s
      At line 244 in file ..\source\BSP\stm32f10x_cl.s

HardFault_Handler 0000000C

Symbol: HardFault_Handler
   Definitions
      At line 157 in file ..\source\BSP\stm32f10x_cl.s
   Uses
      At line 50 in file ..\source\BSP\stm32f10x_cl.s
      At line 158 in file ..\source\BSP\stm32f10x_cl.s

I2C1_ER_IRQHandler 0000001C

Symbol: I2C1_ER_IRQHandler
   Definitions
      At line 299 in file ..\source\BSP\stm32f10x_cl.s
   Uses
      At line 97 in file ..\source\BSP\stm32f10x_cl.s
      At line 228 in file ..\source\BSP\stm32f10x_cl.s

I2C1_EV_IRQHandler 0000001C

Symbol: I2C1_EV_IRQHandler
   Definitions
      At line 298 in file ..\source\BSP\stm32f10x_cl.s



ARM Macro Assembler    Page 7 Alphabetic symbol ordering
Relocatable symbols

   Uses
      At line 96 in file ..\source\BSP\stm32f10x_cl.s
      At line 227 in file ..\source\BSP\stm32f10x_cl.s

I2C2_ER_IRQHandler 0000001C

Symbol: I2C2_ER_IRQHandler
   Definitions
      At line 301 in file ..\source\BSP\stm32f10x_cl.s
   Uses
      At line 99 in file ..\source\BSP\stm32f10x_cl.s
      At line 230 in file ..\source\BSP\stm32f10x_cl.s

I2C2_EV_IRQHandler 0000001C

Symbol: I2C2_EV_IRQHandler
   Definitions
      At line 300 in file ..\source\BSP\stm32f10x_cl.s
   Uses
      At line 98 in file ..\source\BSP\stm32f10x_cl.s
      At line 229 in file ..\source\BSP\stm32f10x_cl.s

MemManage_Handler 0000000E

Symbol: MemManage_Handler
   Definitions
      At line 162 in file ..\source\BSP\stm32f10x_cl.s
   Uses
      At line 51 in file ..\source\BSP\stm32f10x_cl.s
      At line 163 in file ..\source\BSP\stm32f10x_cl.s

NMI_Handler 0000000A

Symbol: NMI_Handler
   Definitions
      At line 152 in file ..\source\BSP\stm32f10x_cl.s
   Uses
      At line 49 in file ..\source\BSP\stm32f10x_cl.s
      At line 153 in file ..\source\BSP\stm32f10x_cl.s

OTG_FS_IRQHandler 0000001C

Symbol: OTG_FS_IRQHandler
   Definitions
      At line 334 in file ..\source\BSP\stm32f10x_cl.s
   Uses
      At line 132 in file ..\source\BSP\stm32f10x_cl.s
      At line 265 in file ..\source\BSP\stm32f10x_cl.s

OTG_FS_WKUP_IRQHandler 0000001C

Symbol: OTG_FS_WKUP_IRQHandler
   Definitions
      At line 309 in file ..\source\BSP\stm32f10x_cl.s
   Uses
      At line 107 in file ..\source\BSP\stm32f10x_cl.s
      At line 238 in file ..\source\BSP\stm32f10x_cl.s

PVD_IRQHandler 0000001C



ARM Macro Assembler    Page 8 Alphabetic symbol ordering
Relocatable symbols


Symbol: PVD_IRQHandler
   Definitions
      At line 268 in file ..\source\BSP\stm32f10x_cl.s
   Uses
      At line 66 in file ..\source\BSP\stm32f10x_cl.s
      At line 197 in file ..\source\BSP\stm32f10x_cl.s

PendSV_Handler 00000018

Symbol: PendSV_Handler
   Definitions
      At line 185 in file ..\source\BSP\stm32f10x_cl.s
   Uses
      At line 61 in file ..\source\BSP\stm32f10x_cl.s
      At line 186 in file ..\source\BSP\stm32f10x_cl.s

RCC_IRQHandler 0000001C

Symbol: RCC_IRQHandler
   Definitions
      At line 272 in file ..\source\BSP\stm32f10x_cl.s
   Uses
      At line 70 in file ..\source\BSP\stm32f10x_cl.s
      At line 201 in file ..\source\BSP\stm32f10x_cl.s

RTCAlarm_IRQHandler 0000001C

Symbol: RTCAlarm_IRQHandler
   Definitions
      At line 308 in file ..\source\BSP\stm32f10x_cl.s
   Uses
      At line 106 in file ..\source\BSP\stm32f10x_cl.s
      At line 237 in file ..\source\BSP\stm32f10x_cl.s

RTC_IRQHandler 0000001C

Symbol: RTC_IRQHandler
   Definitions
      At line 270 in file ..\source\BSP\stm32f10x_cl.s
   Uses
      At line 68 in file ..\source\BSP\stm32f10x_cl.s
      At line 199 in file ..\source\BSP\stm32f10x_cl.s

Reset_Handler 00000000

Symbol: Reset_Handler
   Definitions
      At line 139 in file ..\source\BSP\stm32f10x_cl.s
   Uses
      At line 48 in file ..\source\BSP\stm32f10x_cl.s
Comment: Reset_Handler used once
SDIO_IRQHandler 0000001C

Symbol: SDIO_IRQHandler
   Definitions
      At line 316 in file ..\source\BSP\stm32f10x_cl.s
   Uses
      At line 114 in file ..\source\BSP\stm32f10x_cl.s



ARM Macro Assembler    Page 9 Alphabetic symbol ordering
Relocatable symbols

      At line 245 in file ..\source\BSP\stm32f10x_cl.s

SPI1_IRQHandler 0000001C

Symbol: SPI1_IRQHandler
   Definitions
      At line 302 in file ..\source\BSP\stm32f10x_cl.s
   Uses
      At line 100 in file ..\source\BSP\stm32f10x_cl.s
      At line 231 in file ..\source\BSP\stm32f10x_cl.s

SPI2_IRQHandler 0000001C

Symbol: SPI2_IRQHandler
   Definitions
      At line 303 in file ..\source\BSP\stm32f10x_cl.s
   Uses
      At line 101 in file ..\source\BSP\stm32f10x_cl.s
      At line 232 in file ..\source\BSP\stm32f10x_cl.s

SPI3_IRQHandler 0000001C

Symbol: SPI3_IRQHandler
   Definitions
      At line 318 in file ..\source\BSP\stm32f10x_cl.s
   Uses
      At line 116 in file ..\source\BSP\stm32f10x_cl.s
      At line 249 in file ..\source\BSP\stm32f10x_cl.s

SVC_Handler 00000014

Symbol: SVC_Handler
   Definitions
      At line 176 in file ..\source\BSP\stm32f10x_cl.s
   Uses
      At line 58 in file ..\source\BSP\stm32f10x_cl.s
      At line 177 in file ..\source\BSP\stm32f10x_cl.s

SysTick_Handler 0000001A

Symbol: SysTick_Handler
   Definitions
      At line 189 in file ..\source\BSP\stm32f10x_cl.s
   Uses
      At line 62 in file ..\source\BSP\stm32f10x_cl.s
      At line 190 in file ..\source\BSP\stm32f10x_cl.s

TAMPER_IRQHandler 0000001C

Symbol: TAMPER_IRQHandler
   Definitions
      At line 269 in file ..\source\BSP\stm32f10x_cl.s
   Uses
      At line 67 in file ..\source\BSP\stm32f10x_cl.s
      At line 198 in file ..\source\BSP\stm32f10x_cl.s

TIM1_BRK_IRQHandler 0000001C

Symbol: TIM1_BRK_IRQHandler



ARM Macro Assembler    Page 10 Alphabetic symbol ordering
Relocatable symbols

   Definitions
      At line 291 in file ..\source\BSP\stm32f10x_cl.s
   Uses
      At line 89 in file ..\source\BSP\stm32f10x_cl.s
      At line 220 in file ..\source\BSP\stm32f10x_cl.s

TIM1_CC_IRQHandler 0000001C

Symbol: TIM1_CC_IRQHandler
   Definitions
      At line 294 in file ..\source\BSP\stm32f10x_cl.s
   Uses
      At line 92 in file ..\source\BSP\stm32f10x_cl.s
      At line 223 in file ..\source\BSP\stm32f10x_cl.s

TIM1_TRG_COM_IRQHandler 0000001C

Symbol: TIM1_TRG_COM_IRQHandler
   Definitions
      At line 293 in file ..\source\BSP\stm32f10x_cl.s
   Uses
      At line 91 in file ..\source\BSP\stm32f10x_cl.s
      At line 222 in file ..\source\BSP\stm32f10x_cl.s

TIM1_UP_IRQHandler 0000001C

Symbol: TIM1_UP_IRQHandler
   Definitions
      At line 292 in file ..\source\BSP\stm32f10x_cl.s
   Uses
      At line 90 in file ..\source\BSP\stm32f10x_cl.s
      At line 221 in file ..\source\BSP\stm32f10x_cl.s

TIM2_IRQHandler 0000001C

Symbol: TIM2_IRQHandler
   Definitions
      At line 295 in file ..\source\BSP\stm32f10x_cl.s
   Uses
      At line 93 in file ..\source\BSP\stm32f10x_cl.s
      At line 224 in file ..\source\BSP\stm32f10x_cl.s

TIM3_IRQHandler 0000001C

Symbol: TIM3_IRQHandler
   Definitions
      At line 296 in file ..\source\BSP\stm32f10x_cl.s
   Uses
      At line 94 in file ..\source\BSP\stm32f10x_cl.s
      At line 225 in file ..\source\BSP\stm32f10x_cl.s

TIM4_IRQHandler 0000001C

Symbol: TIM4_IRQHandler
   Definitions
      At line 297 in file ..\source\BSP\stm32f10x_cl.s
   Uses
      At line 95 in file ..\source\BSP\stm32f10x_cl.s
      At line 226 in file ..\source\BSP\stm32f10x_cl.s



ARM Macro Assembler    Page 11 Alphabetic symbol ordering
Relocatable symbols


TIM5_IRQHandler 0000001C

Symbol: TIM5_IRQHandler
   Definitions
      At line 317 in file ..\source\BSP\stm32f10x_cl.s
   Uses
      At line 115 in file ..\source\BSP\stm32f10x_cl.s
      At line 248 in file ..\source\BSP\stm32f10x_cl.s

TIM6_IRQHandler 0000001C

Symbol: TIM6_IRQHandler
   Definitions
      At line 321 in file ..\source\BSP\stm32f10x_cl.s
   Uses
      At line 119 in file ..\source\BSP\stm32f10x_cl.s
      At line 252 in file ..\source\BSP\stm32f10x_cl.s

TIM7_IRQHandler 0000001C

Symbol: TIM7_IRQHandler
   Definitions
      At line 322 in file ..\source\BSP\stm32f10x_cl.s
   Uses
      At line 120 in file ..\source\BSP\stm32f10x_cl.s
      At line 253 in file ..\source\BSP\stm32f10x_cl.s

TIM8_BRK_IRQHandler 0000001C

Symbol: TIM8_BRK_IRQHandler
   Definitions
      At line 310 in file ..\source\BSP\stm32f10x_cl.s
   Uses
      At line 108 in file ..\source\BSP\stm32f10x_cl.s
      At line 239 in file ..\source\BSP\stm32f10x_cl.s

TIM8_CC_IRQHandler 0000001C

Symbol: TIM8_CC_IRQHandler
   Definitions
      At line 313 in file ..\source\BSP\stm32f10x_cl.s
   Uses
      At line 111 in file ..\source\BSP\stm32f10x_cl.s
      At line 242 in file ..\source\BSP\stm32f10x_cl.s

TIM8_TRG_COM_IRQHandler 0000001C

Symbol: TIM8_TRG_COM_IRQHandler
   Definitions
      At line 312 in file ..\source\BSP\stm32f10x_cl.s
   Uses
      At line 110 in file ..\source\BSP\stm32f10x_cl.s
      At line 241 in file ..\source\BSP\stm32f10x_cl.s

TIM8_UP_IRQHandler 0000001C

Symbol: TIM8_UP_IRQHandler
   Definitions



ARM Macro Assembler    Page 12 Alphabetic symbol ordering
Relocatable symbols

      At line 311 in file ..\source\BSP\stm32f10x_cl.s
   Uses
      At line 109 in file ..\source\BSP\stm32f10x_cl.s
      At line 240 in file ..\source\BSP\stm32f10x_cl.s

USART1_IRQHandler 0000001C

Symbol: USART1_IRQHandler
   Definitions
      At line 304 in file ..\source\BSP\stm32f10x_cl.s
   Uses
      At line 102 in file ..\source\BSP\stm32f10x_cl.s
      At line 233 in file ..\source\BSP\stm32f10x_cl.s

USART2_IRQHandler 0000001C

Symbol: USART2_IRQHandler
   Definitions
      At line 305 in file ..\source\BSP\stm32f10x_cl.s
   Uses
      At line 103 in file ..\source\BSP\stm32f10x_cl.s
      At line 234 in file ..\source\BSP\stm32f10x_cl.s

USART3_IRQHandler 0000001C

Symbol: USART3_IRQHandler
   Definitions
      At line 306 in file ..\source\BSP\stm32f10x_cl.s
   Uses
      At line 104 in file ..\source\BSP\stm32f10x_cl.s
      At line 235 in file ..\source\BSP\stm32f10x_cl.s

USART4_IRQHandler 0000001C

Symbol: USART4_IRQHandler
   Definitions
      At line 319 in file ..\source\BSP\stm32f10x_cl.s
   Uses
      At line 117 in file ..\source\BSP\stm32f10x_cl.s
      At line 250 in file ..\source\BSP\stm32f10x_cl.s

USART5_IRQHandler 0000001C

Symbol: USART5_IRQHandler
   Definitions
      At line 320 in file ..\source\BSP\stm32f10x_cl.s
   Uses
      At line 118 in file ..\source\BSP\stm32f10x_cl.s
      At line 251 in file ..\source\BSP\stm32f10x_cl.s

UsageFault_Handler 00000012

Symbol: UsageFault_Handler
   Definitions
      At line 172 in file ..\source\BSP\stm32f10x_cl.s
   Uses
      At line 53 in file ..\source\BSP\stm32f10x_cl.s
      At line 173 in file ..\source\BSP\stm32f10x_cl.s




ARM Macro Assembler    Page 13 Alphabetic symbol ordering
Relocatable symbols

WWDG_IRQHandler 0000001C

Symbol: WWDG_IRQHandler
   Definitions
      At line 267 in file ..\source\BSP\stm32f10x_cl.s
   Uses
      At line 65 in file ..\source\BSP\stm32f10x_cl.s
      At line 196 in file ..\source\BSP\stm32f10x_cl.s

__user_initial_stackheap 00000020

Symbol: __user_initial_stackheap
   Definitions
      At line 355 in file ..\source\BSP\stm32f10x_cl.s
   Uses
      At line 354 in file ..\source\BSP\stm32f10x_cl.s
Comment: __user_initial_stackheap used once
81 symbols



ARM Macro Assembler    Page 1 Alphabetic symbol ordering
Absolute symbols

Heap_Size 00000000

Symbol: Heap_Size
   Definitions
      At line 29 in file ..\source\BSP\stm32f10x_cl.s
   Uses
      At line 33 in file ..\source\BSP\stm32f10x_cl.s
      At line 359 in file ..\source\BSP\stm32f10x_cl.s

Stack_Size 00000200

Symbol: Stack_Size
   Definitions
      At line 18 in file ..\source\BSP\stm32f10x_cl.s
   Uses
      At line 21 in file ..\source\BSP\stm32f10x_cl.s
      At line 358 in file ..\source\BSP\stm32f10x_cl.s

2 symbols



ARM Macro Assembler    Page 1 Alphabetic symbol ordering
External symbols

__main 00000000

Symbol: __main
   Definitions
      At line 141 in file ..\source\BSP\stm32f10x_cl.s
   Uses
      At line 145 in file ..\source\BSP\stm32f10x_cl.s
Comment: __main used once
__use_two_region_memory 00000000

Symbol: __use_two_region_memory
   Definitions
      At line 353 in file ..\source\BSP\stm32f10x_cl.s
   Uses
      None
Comment: __use_two_region_memory unused
|Image$$ARM_LIB_STACK$$ZI$$Limit| 00000000

Symbol: |Image$$ARM_LIB_STACK$$ZI$$Limit|
   Definitions
      At line 45 in file ..\source\BSP\stm32f10x_cl.s
   Uses
      At line 47 in file ..\source\BSP\stm32f10x_cl.s
Comment: |Image$$ARM_LIB_STACK$$ZI$$Limit| used once
3 symbols
432 symbols in table
